<?xml version="1.0" encoding="UTF-8"?>
<testsuite xmlns:xsi="http://www.w3.org/2001/XMLSchema-instance" xsi:noNamespaceSchemaLocation="https://maven.apache.org/surefire/maven-surefire-plugin/xsd/surefire-test-report-3.0.xsd" version="3.0" name="com.kong.redis.Demo05RedisApplicationTests" time="5.673" tests="1" errors="0" skipped="0" failures="0">
  <properties>
[...]
</properties>
  <testcase name="contextLoads" classname="com.kong.redis.Demo05RedisApplicationTests" time="1.009">
    <system-out><![CDATA[15:55:08.125 [main] INFO org.springframework.test.context.support.AnnotationConfigContextLoaderUtils -- Could not detect default configuration classes for test class [com.kong.redis.Demo05RedisApplicationTests]: Demo05RedisApplicationTests does not declare any static, non-private, non-final, nested classes annotated with @Configuration.
15:55:08.312 [main] INFO org.springframework.boot.test.context.SpringBootTestContextBootstrapper -- Found @SpringBootConfiguration com.kong.redis.Demo05RedisApplication for test class com.kong.redis.Demo05RedisApplicationTests

  .   ____          _            __ _ _
 /\\ / ___'_ __ _ _(_)_ __  __ _ \ \ \ \
( ( )\___ | '_ | '_| | '_ \/ _` | \ \ \ \
 \\/  ___)| |_)| | | | | || (_| |  ) ) ) )
  '  |____| .__|_| |_|_| |_\__, | / / / /
 =========|_|==============|___/=/_/_/_/
 :: Spring Boot ::                (v3.1.5)

2023-11-07T15:55:08.977+08:00  INFO 5500 --- [           main] c.k.redis.Demo05RedisApplicationTests    : Starting Demo05RedisApplicationTests using Java 17.0.6 with PID 5500 (started by tm in F:\idea\spring-boot-3\demo05-redis)
2023-11-07T15:55:08.979+08:00  INFO 5500 --- [           main] c.k.redis.Demo05RedisApplicationTests    : No active profile set, falling back to 1 default profile: "default"
2023-11-07T15:55:10.266+08:00  INFO 5500 --- [           main] .s.d.r.c.RepositoryConfigurationDelegate : Multiple Spring Data modules found, entering strict repository configuration mode
2023-11-07T15:55:10.270+08:00  INFO 5500 --- [           main] .s.d.r.c.RepositoryConfigurationDelegate : Bootstrapping Spring Data Redis repositories in DEFAULT mode.
2023-11-07T15:55:10.308+08:00  INFO 5500 --- [           main] .s.d.r.c.RepositoryConfigurationDelegate : Finished Spring Data repository scanning in 15 ms. Found 0 Redis repository interfaces.
2023-11-07T15:55:11.599+08:00  WARN 5500 --- [           main] ion$DefaultTemplateResolverConfiguration : Cannot find template location: classpath:/templates/ (please add some templates, check your Thymeleaf configuration, or set spring.thymeleaf.check-template-location=false)
2023-11-07T15:55:12.513+08:00  INFO 5500 --- [           main] c.k.redis.Demo05RedisApplicationTests    : Started Demo05RedisApplicationTests in 3.914 seconds (process running for 5.431)
]]></system-out>
  </testcase>
</testsuite>